2023-04-09 17:07:20,150 INFO [casanovo/MainProcess] casanovo._get_model_weights : Model weights file C:\Users\Gebruiker\AppData\Local\casanovo\casanovo_massivekb_v3_0_0.ckpt retrieved from local cache
2023-04-09 17:07:20,159 INFO [casanovo/MainProcess] casanovo.main : Casanovo version 3.3.0
2023-04-09 17:07:20,159 DEBUG [casanovo/MainProcess] casanovo.main : mode = denovo
2023-04-09 17:07:20,159 DEBUG [casanovo/MainProcess] casanovo.main : model = C:\Users\Gebruiker\AppData\Local\casanovo\casanovo_massivekb_v3_0_0.ckpt
2023-04-09 17:07:20,159 DEBUG [casanovo/MainProcess] casanovo.main : peak_path = C:\Users\Gebruiker\Desktop\filtered_191114_FoodProteomics_DDA_BS16.mgf
2023-04-09 17:07:20,159 DEBUG [casanovo/MainProcess] casanovo.main : peak_path_val = None
2023-04-09 17:07:20,159 DEBUG [casanovo/MainProcess] casanovo.main : config = default
2023-04-09 17:07:20,159 DEBUG [casanovo/MainProcess] casanovo.main : output = C:\Users\Gebruiker\Desktop\casa_output_BS16
2023-04-09 17:07:20,159 DEBUG [casanovo/MainProcess] casanovo.main : random_seed = 454
2023-04-09 17:07:20,159 DEBUG [casanovo/MainProcess] casanovo.main : n_peaks = 150
2023-04-09 17:07:20,159 DEBUG [casanovo/MainProcess] casanovo.main : min_mz = 50.0
2023-04-09 17:07:20,159 DEBUG [casanovo/MainProcess] casanovo.main : max_mz = 2500.0
2023-04-09 17:07:20,159 DEBUG [casanovo/MainProcess] casanovo.main : min_intensity = 0.01
2023-04-09 17:07:20,159 DEBUG [casanovo/MainProcess] casanovo.main : remove_precursor_tol = 2.0
2023-04-09 17:07:20,159 DEBUG [casanovo/MainProcess] casanovo.main : max_charge = 10
2023-04-09 17:07:20,159 DEBUG [casanovo/MainProcess] casanovo.main : precursor_mass_tol = 50.0
2023-04-09 17:07:20,159 DEBUG [casanovo/MainProcess] casanovo.main : isotope_error_range = (0, 1)
2023-04-09 17:07:20,159 DEBUG [casanovo/MainProcess] casanovo.main : min_peptide_len = 6
2023-04-09 17:07:20,159 DEBUG [casanovo/MainProcess] casanovo.main : dim_model = 512
2023-04-09 17:07:20,159 DEBUG [casanovo/MainProcess] casanovo.main : n_head = 8
2023-04-09 17:07:20,159 DEBUG [casanovo/MainProcess] casanovo.main : dim_feedforward = 1024
2023-04-09 17:07:20,159 DEBUG [casanovo/MainProcess] casanovo.main : n_layers = 9
2023-04-09 17:07:20,159 DEBUG [casanovo/MainProcess] casanovo.main : dropout = 0.0
2023-04-09 17:07:20,159 DEBUG [casanovo/MainProcess] casanovo.main : dim_intensity = None
2023-04-09 17:07:20,159 DEBUG [casanovo/MainProcess] casanovo.main : custom_encoder = None
2023-04-09 17:07:20,159 DEBUG [casanovo/MainProcess] casanovo.main : max_length = 100
2023-04-09 17:07:20,166 DEBUG [casanovo/MainProcess] casanovo.main : residues = {'G': 57.021464, 'A': 71.037114, 'S': 87.032028, 'P': 97.052764, 'V': 99.068414, 'T': 101.04767, 'C+57.021': 160.030649, 'L': 113.084064, 'I': 113.084064, 'N': 114.042927, 'D': 115.026943, 'Q': 128.058578, 'K': 128.094963, 'E': 129.042593, 'M': 131.040485, 'H': 137.058912, 'F': 147.068414, 'R': 156.101111, 'Y': 163.063329, 'W': 186.079313, 'M+15.995': 147.0354, 'N+0.984': 115.026943, 'Q+0.984': 129.042594, '+42.011': 42.010565, '+43.006': 43.005814, '-17.027': -17.026549, '+43.006-17.027': 25.980265}
2023-04-09 17:07:20,166 DEBUG [casanovo/MainProcess] casanovo.main : n_log = 1
2023-04-09 17:07:20,166 DEBUG [casanovo/MainProcess] casanovo.main : tb_summarywriter = None
2023-04-09 17:07:20,166 DEBUG [casanovo/MainProcess] casanovo.main : warmup_iters = 100000
2023-04-09 17:07:20,166 DEBUG [casanovo/MainProcess] casanovo.main : max_iters = 600000
2023-04-09 17:07:20,166 DEBUG [casanovo/MainProcess] casanovo.main : learning_rate = 0.0005
2023-04-09 17:07:20,166 DEBUG [casanovo/MainProcess] casanovo.main : weight_decay = 1e-05
2023-04-09 17:07:20,166 DEBUG [casanovo/MainProcess] casanovo.main : train_batch_size = 32
2023-04-09 17:07:20,166 DEBUG [casanovo/MainProcess] casanovo.main : predict_batch_size = 1024
2023-04-09 17:07:20,166 DEBUG [casanovo/MainProcess] casanovo.main : n_beams = 5
2023-04-09 17:07:20,166 DEBUG [casanovo/MainProcess] casanovo.main : top_match = 1
2023-04-09 17:07:20,181 DEBUG [casanovo/MainProcess] casanovo.main : logger = None
2023-04-09 17:07:20,184 DEBUG [casanovo/MainProcess] casanovo.main : max_epochs = 30
2023-04-09 17:07:20,184 DEBUG [casanovo/MainProcess] casanovo.main : num_sanity_val_steps = 0
2023-04-09 17:07:20,184 DEBUG [casanovo/MainProcess] casanovo.main : train_from_scratch = True
2023-04-09 17:07:20,192 DEBUG [casanovo/MainProcess] casanovo.main : save_model = True
2023-04-09 17:07:20,192 DEBUG [casanovo/MainProcess] casanovo.main : model_save_folder_path = 
2023-04-09 17:07:20,192 DEBUG [casanovo/MainProcess] casanovo.main : save_weights_only = True
2023-04-09 17:07:20,192 DEBUG [casanovo/MainProcess] casanovo.main : every_n_train_steps = 50000
2023-04-09 17:07:20,192 DEBUG [casanovo/MainProcess] casanovo.main : no_gpu = False
2023-04-09 17:07:20,192 DEBUG [casanovo/MainProcess] casanovo.main : n_workers = 0
2023-04-09 17:07:20,192 INFO [casanovo/MainProcess] casanovo.main : Predict peptide sequences with Casanovo.
2023-04-09 17:07:20,320 DEBUG [fsspec.local/MainProcess] local.__init__ : open file: C:/Users/Gebruiker/AppData/Local/casanovo/casanovo_massivekb_v3_0_0.ckpt
2023-04-09 17:07:20,589 INFO [depthcharge.data.hdf5/MainProcess] hdf5.__init__ : Reading 1 files...
2023-04-09 17:07:21,600 WARNING [py.warnings/MainProcess] warnings._showwarnmsg : C:\Users\Gebruiker\anaconda3\envs\casanovo_env\lib\site-packages\pytorch_lightning\trainer\connectors\accelerator_connector.py:589: LightningDeprecationWarning: The Trainer argument `auto_select_gpus` has been deprecated in v1.9.0 and will be removed in v2.0.0. Please use the function `pytorch_lightning.accelerators.find_usable_cuda_devices` instead.
  rank_zero_deprecation(

2023-04-09 17:07:21,816 WARNING [py.warnings/MainProcess] warnings._showwarnmsg : C:\Users\Gebruiker\anaconda3\envs\casanovo_env\lib\site-packages\pytorch_lightning\trainer\connectors\data_connector.py:224: PossibleUserWarning: The dataloader, predict_dataloader 0, does not have many workers which may be a bottleneck. Consider increasing the value of the `num_workers` argument` (try 8 which is the number of cpus on this machine) in the `DataLoader` init to improve performance.
  rank_zero_warn(

2023-04-09 17:07:33,810 WARNING [py.warnings/MainProcess] warnings._showwarnmsg : C:\Users\Gebruiker\anaconda3\envs\casanovo_env\lib\site-packages\torch\nn\modules\transformer.py:287: UserWarning: The PyTorch API of nested tensors is in prototype stage and will change in the near future. (Triggered internally at ..\aten\src\ATen\NestedTensorImpl.cpp:179.)
  output = torch._nested_tensor_from_mask(output, src_key_padding_mask.logical_not(), mask_check=False)

2023-04-09 17:13:46,019 WARNING [py.warnings/MainProcess] warnings._showwarnmsg : C:\Users\Gebruiker\anaconda3\envs\casanovo_env\lib\site-packages\torch\nn\functional.py:4999: UserWarning: Support for mismatched key_padding_mask and attn_mask is deprecated. Use same type for both instead.
  warnings.warn(

2023-04-09 17:13:46,356 WARNING [py.warnings/MainProcess] warnings._showwarnmsg : C:\Users\Gebruiker\anaconda3\envs\casanovo_env\lib\site-packages\torch\nn\modules\activation.py:1144: UserWarning: Converting mask without torch.bool dtype to bool; this will negatively affect performance. Prefer to use a boolean mask directly. (Triggered internally at ..\aten\src\ATen\native\transformers\attention.cpp:152.)
  return torch._native_multi_head_attention(

