2023-04-08 18:18:15,398 INFO [casanovo/MainProcess] casanovo._get_model_weights : Model weights file C:\Users\Gebruiker\AppData\Local\casanovo\casanovo_massivekb_v3_0_0.ckpt retrieved from local cache
2023-04-08 18:18:15,398 INFO [casanovo/MainProcess] casanovo.main : Casanovo version 3.3.0
2023-04-08 18:18:15,398 DEBUG [casanovo/MainProcess] casanovo.main : mode = denovo
2023-04-08 18:18:15,398 DEBUG [casanovo/MainProcess] casanovo.main : model = C:\Users\Gebruiker\AppData\Local\casanovo\casanovo_massivekb_v3_0_0.ckpt
2023-04-08 18:18:15,398 DEBUG [casanovo/MainProcess] casanovo.main : peak_path = C:\Users\Gebruiker\Desktop\neolitic_protein_discovery\MGF_files_collection\191114_FoodProteomics_DDA_BASL.mgf
2023-04-08 18:18:15,398 DEBUG [casanovo/MainProcess] casanovo.main : peak_path_val = None
2023-04-08 18:18:15,398 DEBUG [casanovo/MainProcess] casanovo.main : config = default
2023-04-08 18:18:15,398 DEBUG [casanovo/MainProcess] casanovo.main : output = C:\Users\Gebruiker\Desktop\casa_output_BASL_unfiltered
2023-04-08 18:18:15,398 DEBUG [casanovo/MainProcess] casanovo.main : random_seed = 454
2023-04-08 18:18:15,398 DEBUG [casanovo/MainProcess] casanovo.main : n_peaks = 150
2023-04-08 18:18:15,398 DEBUG [casanovo/MainProcess] casanovo.main : min_mz = 50.0
2023-04-08 18:18:15,398 DEBUG [casanovo/MainProcess] casanovo.main : max_mz = 2500.0
2023-04-08 18:18:15,407 DEBUG [casanovo/MainProcess] casanovo.main : min_intensity = 0.01
2023-04-08 18:18:15,408 DEBUG [casanovo/MainProcess] casanovo.main : remove_precursor_tol = 2.0
2023-04-08 18:18:15,408 DEBUG [casanovo/MainProcess] casanovo.main : max_charge = 10
2023-04-08 18:18:15,409 DEBUG [casanovo/MainProcess] casanovo.main : precursor_mass_tol = 50.0
2023-04-08 18:18:15,409 DEBUG [casanovo/MainProcess] casanovo.main : isotope_error_range = (0, 1)
2023-04-08 18:18:15,410 DEBUG [casanovo/MainProcess] casanovo.main : min_peptide_len = 6
2023-04-08 18:18:15,410 DEBUG [casanovo/MainProcess] casanovo.main : dim_model = 512
2023-04-08 18:18:15,410 DEBUG [casanovo/MainProcess] casanovo.main : n_head = 8
2023-04-08 18:18:15,410 DEBUG [casanovo/MainProcess] casanovo.main : dim_feedforward = 1024
2023-04-08 18:18:15,412 DEBUG [casanovo/MainProcess] casanovo.main : n_layers = 9
2023-04-08 18:18:15,412 DEBUG [casanovo/MainProcess] casanovo.main : dropout = 0.0
2023-04-08 18:18:15,413 DEBUG [casanovo/MainProcess] casanovo.main : dim_intensity = None
2023-04-08 18:18:15,413 DEBUG [casanovo/MainProcess] casanovo.main : custom_encoder = None
2023-04-08 18:18:15,413 DEBUG [casanovo/MainProcess] casanovo.main : max_length = 100
2023-04-08 18:18:15,413 DEBUG [casanovo/MainProcess] casanovo.main : residues = {'G': 57.021464, 'A': 71.037114, 'S': 87.032028, 'P': 97.052764, 'V': 99.068414, 'T': 101.04767, 'C+57.021': 160.030649, 'L': 113.084064, 'I': 113.084064, 'N': 114.042927, 'D': 115.026943, 'Q': 128.058578, 'K': 128.094963, 'E': 129.042593, 'M': 131.040485, 'H': 137.058912, 'F': 147.068414, 'R': 156.101111, 'Y': 163.063329, 'W': 186.079313, 'M+15.995': 147.0354, 'N+0.984': 115.026943, 'Q+0.984': 129.042594, '+42.011': 42.010565, '+43.006': 43.005814, '-17.027': -17.026549, '+43.006-17.027': 25.980265}
2023-04-08 18:18:15,421 DEBUG [casanovo/MainProcess] casanovo.main : n_log = 1
2023-04-08 18:18:15,421 DEBUG [casanovo/MainProcess] casanovo.main : tb_summarywriter = None
2023-04-08 18:18:15,423 DEBUG [casanovo/MainProcess] casanovo.main : warmup_iters = 100000
2023-04-08 18:18:15,424 DEBUG [casanovo/MainProcess] casanovo.main : max_iters = 600000
2023-04-08 18:18:15,424 DEBUG [casanovo/MainProcess] casanovo.main : learning_rate = 0.0005
2023-04-08 18:18:15,426 DEBUG [casanovo/MainProcess] casanovo.main : weight_decay = 1e-05
2023-04-08 18:18:15,427 DEBUG [casanovo/MainProcess] casanovo.main : train_batch_size = 32
2023-04-08 18:18:15,427 DEBUG [casanovo/MainProcess] casanovo.main : predict_batch_size = 1024
2023-04-08 18:18:15,427 DEBUG [casanovo/MainProcess] casanovo.main : n_beams = 5
2023-04-08 18:18:15,428 DEBUG [casanovo/MainProcess] casanovo.main : top_match = 1
2023-04-08 18:18:15,428 DEBUG [casanovo/MainProcess] casanovo.main : logger = None
2023-04-08 18:18:15,428 DEBUG [casanovo/MainProcess] casanovo.main : max_epochs = 30
2023-04-08 18:18:15,430 DEBUG [casanovo/MainProcess] casanovo.main : num_sanity_val_steps = 0
2023-04-08 18:18:15,436 DEBUG [casanovo/MainProcess] casanovo.main : train_from_scratch = True
2023-04-08 18:18:15,438 DEBUG [casanovo/MainProcess] casanovo.main : save_model = True
2023-04-08 18:18:15,438 DEBUG [casanovo/MainProcess] casanovo.main : model_save_folder_path = 
2023-04-08 18:18:15,438 DEBUG [casanovo/MainProcess] casanovo.main : save_weights_only = True
2023-04-08 18:18:15,438 DEBUG [casanovo/MainProcess] casanovo.main : every_n_train_steps = 50000
2023-04-08 18:18:15,440 DEBUG [casanovo/MainProcess] casanovo.main : no_gpu = False
2023-04-08 18:18:15,440 DEBUG [casanovo/MainProcess] casanovo.main : n_workers = 0
2023-04-08 18:18:15,440 INFO [casanovo/MainProcess] casanovo.main : Predict peptide sequences with Casanovo.
2023-04-08 18:18:15,518 DEBUG [fsspec.local/MainProcess] local.__init__ : open file: C:/Users/Gebruiker/AppData/Local/casanovo/casanovo_massivekb_v3_0_0.ckpt
2023-04-08 18:18:15,733 INFO [depthcharge.data.hdf5/MainProcess] hdf5.__init__ : Reading 1 files...
2023-04-08 18:19:38,040 INFO [casanovo/MainProcess] casanovo._get_model_weights : Model weights file C:\Users\Gebruiker\AppData\Local\casanovo\casanovo_massivekb_v3_0_0.ckpt retrieved from local cache
2023-04-08 18:19:38,040 INFO [casanovo/MainProcess] casanovo.main : Casanovo version 3.3.0
2023-04-08 18:19:38,040 DEBUG [casanovo/MainProcess] casanovo.main : mode = denovo
2023-04-08 18:19:38,040 DEBUG [casanovo/MainProcess] casanovo.main : model = C:\Users\Gebruiker\AppData\Local\casanovo\casanovo_massivekb_v3_0_0.ckpt
2023-04-08 18:19:38,040 DEBUG [casanovo/MainProcess] casanovo.main : peak_path = C:\Users\Gebruiker\Desktop\191114_FoodProteomics_DDA_BASL.mgf
2023-04-08 18:19:38,040 DEBUG [casanovo/MainProcess] casanovo.main : peak_path_val = None
2023-04-08 18:19:38,040 DEBUG [casanovo/MainProcess] casanovo.main : config = default
2023-04-08 18:19:38,040 DEBUG [casanovo/MainProcess] casanovo.main : output = C:\Users\Gebruiker\Desktop\casa_output_BASL_unfiltered
2023-04-08 18:19:38,040 DEBUG [casanovo/MainProcess] casanovo.main : random_seed = 454
2023-04-08 18:19:38,040 DEBUG [casanovo/MainProcess] casanovo.main : n_peaks = 150
2023-04-08 18:19:38,040 DEBUG [casanovo/MainProcess] casanovo.main : min_mz = 50.0
2023-04-08 18:19:38,040 DEBUG [casanovo/MainProcess] casanovo.main : max_mz = 2500.0
2023-04-08 18:19:38,040 DEBUG [casanovo/MainProcess] casanovo.main : min_intensity = 0.01
2023-04-08 18:19:38,040 DEBUG [casanovo/MainProcess] casanovo.main : remove_precursor_tol = 2.0
2023-04-08 18:19:38,040 DEBUG [casanovo/MainProcess] casanovo.main : max_charge = 10
2023-04-08 18:19:38,040 DEBUG [casanovo/MainProcess] casanovo.main : precursor_mass_tol = 50.0
2023-04-08 18:19:38,040 DEBUG [casanovo/MainProcess] casanovo.main : isotope_error_range = (0, 1)
2023-04-08 18:19:38,040 DEBUG [casanovo/MainProcess] casanovo.main : min_peptide_len = 6
2023-04-08 18:19:38,040 DEBUG [casanovo/MainProcess] casanovo.main : dim_model = 512
2023-04-08 18:19:38,040 DEBUG [casanovo/MainProcess] casanovo.main : n_head = 8
2023-04-08 18:19:38,040 DEBUG [casanovo/MainProcess] casanovo.main : dim_feedforward = 1024
2023-04-08 18:19:38,040 DEBUG [casanovo/MainProcess] casanovo.main : n_layers = 9
2023-04-08 18:19:38,040 DEBUG [casanovo/MainProcess] casanovo.main : dropout = 0.0
2023-04-08 18:19:38,040 DEBUG [casanovo/MainProcess] casanovo.main : dim_intensity = None
2023-04-08 18:19:38,040 DEBUG [casanovo/MainProcess] casanovo.main : custom_encoder = None
2023-04-08 18:19:38,040 DEBUG [casanovo/MainProcess] casanovo.main : max_length = 100
2023-04-08 18:19:38,040 DEBUG [casanovo/MainProcess] casanovo.main : residues = {'G': 57.021464, 'A': 71.037114, 'S': 87.032028, 'P': 97.052764, 'V': 99.068414, 'T': 101.04767, 'C+57.021': 160.030649, 'L': 113.084064, 'I': 113.084064, 'N': 114.042927, 'D': 115.026943, 'Q': 128.058578, 'K': 128.094963, 'E': 129.042593, 'M': 131.040485, 'H': 137.058912, 'F': 147.068414, 'R': 156.101111, 'Y': 163.063329, 'W': 186.079313, 'M+15.995': 147.0354, 'N+0.984': 115.026943, 'Q+0.984': 129.042594, '+42.011': 42.010565, '+43.006': 43.005814, '-17.027': -17.026549, '+43.006-17.027': 25.980265}
2023-04-08 18:19:38,040 DEBUG [casanovo/MainProcess] casanovo.main : n_log = 1
2023-04-08 18:19:38,040 DEBUG [casanovo/MainProcess] casanovo.main : tb_summarywriter = None
2023-04-08 18:19:38,040 DEBUG [casanovo/MainProcess] casanovo.main : warmup_iters = 100000
2023-04-08 18:19:38,040 DEBUG [casanovo/MainProcess] casanovo.main : max_iters = 600000
2023-04-08 18:19:38,040 DEBUG [casanovo/MainProcess] casanovo.main : learning_rate = 0.0005
2023-04-08 18:19:38,040 DEBUG [casanovo/MainProcess] casanovo.main : weight_decay = 1e-05
2023-04-08 18:19:38,040 DEBUG [casanovo/MainProcess] casanovo.main : train_batch_size = 32
2023-04-08 18:19:38,040 DEBUG [casanovo/MainProcess] casanovo.main : predict_batch_size = 1024
2023-04-08 18:19:38,040 DEBUG [casanovo/MainProcess] casanovo.main : n_beams = 5
2023-04-08 18:19:38,040 DEBUG [casanovo/MainProcess] casanovo.main : top_match = 1
2023-04-08 18:19:38,055 DEBUG [casanovo/MainProcess] casanovo.main : logger = None
2023-04-08 18:19:38,055 DEBUG [casanovo/MainProcess] casanovo.main : max_epochs = 30
2023-04-08 18:19:38,055 DEBUG [casanovo/MainProcess] casanovo.main : num_sanity_val_steps = 0
2023-04-08 18:19:38,055 DEBUG [casanovo/MainProcess] casanovo.main : train_from_scratch = True
2023-04-08 18:19:38,055 DEBUG [casanovo/MainProcess] casanovo.main : save_model = True
2023-04-08 18:19:38,055 DEBUG [casanovo/MainProcess] casanovo.main : model_save_folder_path = 
2023-04-08 18:19:38,055 DEBUG [casanovo/MainProcess] casanovo.main : save_weights_only = True
2023-04-08 18:19:38,055 DEBUG [casanovo/MainProcess] casanovo.main : every_n_train_steps = 50000
2023-04-08 18:19:38,055 DEBUG [casanovo/MainProcess] casanovo.main : no_gpu = False
2023-04-08 18:19:38,055 DEBUG [casanovo/MainProcess] casanovo.main : n_workers = 0
2023-04-08 18:19:38,055 INFO [casanovo/MainProcess] casanovo.main : Predict peptide sequences with Casanovo.
2023-04-08 18:19:38,150 DEBUG [fsspec.local/MainProcess] local.__init__ : open file: C:/Users/Gebruiker/AppData/Local/casanovo/casanovo_massivekb_v3_0_0.ckpt
2023-04-08 18:19:38,363 INFO [depthcharge.data.hdf5/MainProcess] hdf5.__init__ : Reading 1 files...
2023-04-08 18:24:10,053 INFO [casanovo/MainProcess] casanovo._get_model_weights : Model weights file C:\Users\Gebruiker\AppData\Local\casanovo\casanovo_massivekb_v3_0_0.ckpt retrieved from local cache
2023-04-08 18:24:10,053 INFO [casanovo/MainProcess] casanovo.main : Casanovo version 3.3.0
2023-04-08 18:24:10,053 DEBUG [casanovo/MainProcess] casanovo.main : mode = denovo
2023-04-08 18:24:10,053 DEBUG [casanovo/MainProcess] casanovo.main : model = C:\Users\Gebruiker\AppData\Local\casanovo\casanovo_massivekb_v3_0_0.ckpt
2023-04-08 18:24:10,053 DEBUG [casanovo/MainProcess] casanovo.main : peak_path = C:\Users\Gebruiker\Desktop\191114_FoodProteomics_DDA_BASL.mgf
2023-04-08 18:24:10,053 DEBUG [casanovo/MainProcess] casanovo.main : peak_path_val = None
2023-04-08 18:24:10,053 DEBUG [casanovo/MainProcess] casanovo.main : config = default
2023-04-08 18:24:10,053 DEBUG [casanovo/MainProcess] casanovo.main : output = C:\Users\Gebruiker\Desktop\casa_output_BASL_unfiltered
2023-04-08 18:24:10,053 DEBUG [casanovo/MainProcess] casanovo.main : random_seed = 454
2023-04-08 18:24:10,053 DEBUG [casanovo/MainProcess] casanovo.main : n_peaks = 150
2023-04-08 18:24:10,053 DEBUG [casanovo/MainProcess] casanovo.main : min_mz = 50.0
2023-04-08 18:24:10,053 DEBUG [casanovo/MainProcess] casanovo.main : max_mz = 2500.0
2023-04-08 18:24:10,053 DEBUG [casanovo/MainProcess] casanovo.main : min_intensity = 0.01
2023-04-08 18:24:10,053 DEBUG [casanovo/MainProcess] casanovo.main : remove_precursor_tol = 2.0
2023-04-08 18:24:10,053 DEBUG [casanovo/MainProcess] casanovo.main : max_charge = 10
2023-04-08 18:24:10,053 DEBUG [casanovo/MainProcess] casanovo.main : precursor_mass_tol = 50.0
2023-04-08 18:24:10,053 DEBUG [casanovo/MainProcess] casanovo.main : isotope_error_range = (0, 1)
2023-04-08 18:24:10,053 DEBUG [casanovo/MainProcess] casanovo.main : min_peptide_len = 6
2023-04-08 18:24:10,053 DEBUG [casanovo/MainProcess] casanovo.main : dim_model = 512
2023-04-08 18:24:10,069 DEBUG [casanovo/MainProcess] casanovo.main : n_head = 8
2023-04-08 18:24:10,069 DEBUG [casanovo/MainProcess] casanovo.main : dim_feedforward = 1024
2023-04-08 18:24:10,077 DEBUG [casanovo/MainProcess] casanovo.main : n_layers = 9
2023-04-08 18:24:10,077 DEBUG [casanovo/MainProcess] casanovo.main : dropout = 0.0
2023-04-08 18:24:10,077 DEBUG [casanovo/MainProcess] casanovo.main : dim_intensity = None
2023-04-08 18:24:10,077 DEBUG [casanovo/MainProcess] casanovo.main : custom_encoder = None
2023-04-08 18:24:10,077 DEBUG [casanovo/MainProcess] casanovo.main : max_length = 100
2023-04-08 18:24:10,077 DEBUG [casanovo/MainProcess] casanovo.main : residues = {'G': 57.021464, 'A': 71.037114, 'S': 87.032028, 'P': 97.052764, 'V': 99.068414, 'T': 101.04767, 'C+57.021': 160.030649, 'L': 113.084064, 'I': 113.084064, 'N': 114.042927, 'D': 115.026943, 'Q': 128.058578, 'K': 128.094963, 'E': 129.042593, 'M': 131.040485, 'H': 137.058912, 'F': 147.068414, 'R': 156.101111, 'Y': 163.063329, 'W': 186.079313, 'M+15.995': 147.0354, 'N+0.984': 115.026943, 'Q+0.984': 129.042594, '+42.011': 42.010565, '+43.006': 43.005814, '-17.027': -17.026549, '+43.006-17.027': 25.980265}
2023-04-08 18:24:10,077 DEBUG [casanovo/MainProcess] casanovo.main : n_log = 1
2023-04-08 18:24:10,077 DEBUG [casanovo/MainProcess] casanovo.main : tb_summarywriter = None
2023-04-08 18:24:10,077 DEBUG [casanovo/MainProcess] casanovo.main : warmup_iters = 100000
2023-04-08 18:24:10,077 DEBUG [casanovo/MainProcess] casanovo.main : max_iters = 600000
2023-04-08 18:24:10,077 DEBUG [casanovo/MainProcess] casanovo.main : learning_rate = 0.0005
2023-04-08 18:24:10,077 DEBUG [casanovo/MainProcess] casanovo.main : weight_decay = 1e-05
2023-04-08 18:24:10,077 DEBUG [casanovo/MainProcess] casanovo.main : train_batch_size = 32
2023-04-08 18:24:10,077 DEBUG [casanovo/MainProcess] casanovo.main : predict_batch_size = 1024
2023-04-08 18:24:10,077 DEBUG [casanovo/MainProcess] casanovo.main : n_beams = 5
2023-04-08 18:24:10,085 DEBUG [casanovo/MainProcess] casanovo.main : top_match = 1
2023-04-08 18:24:10,085 DEBUG [casanovo/MainProcess] casanovo.main : logger = None
2023-04-08 18:24:10,085 DEBUG [casanovo/MainProcess] casanovo.main : max_epochs = 30
2023-04-08 18:24:10,085 DEBUG [casanovo/MainProcess] casanovo.main : num_sanity_val_steps = 0
2023-04-08 18:24:10,085 DEBUG [casanovo/MainProcess] casanovo.main : train_from_scratch = True
2023-04-08 18:24:10,085 DEBUG [casanovo/MainProcess] casanovo.main : save_model = True
2023-04-08 18:24:10,085 DEBUG [casanovo/MainProcess] casanovo.main : model_save_folder_path = 
2023-04-08 18:24:10,085 DEBUG [casanovo/MainProcess] casanovo.main : save_weights_only = True
2023-04-08 18:24:10,085 DEBUG [casanovo/MainProcess] casanovo.main : every_n_train_steps = 50000
2023-04-08 18:24:10,085 DEBUG [casanovo/MainProcess] casanovo.main : no_gpu = False
2023-04-08 18:24:10,085 DEBUG [casanovo/MainProcess] casanovo.main : n_workers = 0
2023-04-08 18:24:10,085 INFO [casanovo/MainProcess] casanovo.main : Predict peptide sequences with Casanovo.
2023-04-08 18:24:10,177 DEBUG [fsspec.local/MainProcess] local.__init__ : open file: C:/Users/Gebruiker/AppData/Local/casanovo/casanovo_massivekb_v3_0_0.ckpt
2023-04-08 18:24:10,387 INFO [depthcharge.data.hdf5/MainProcess] hdf5.__init__ : Reading 1 files...
2023-04-09 00:17:21,446 INFO [casanovo/MainProcess] casanovo._get_model_weights : Model weights file C:\Users\Gebruiker\AppData\Local\casanovo\casanovo_massivekb_v3_0_0.ckpt retrieved from local cache
2023-04-09 00:17:21,446 INFO [casanovo/MainProcess] casanovo.main : Casanovo version 3.3.0
2023-04-09 00:17:21,446 DEBUG [casanovo/MainProcess] casanovo.main : mode = denovo
2023-04-09 00:17:21,446 DEBUG [casanovo/MainProcess] casanovo.main : model = C:\Users\Gebruiker\AppData\Local\casanovo\casanovo_massivekb_v3_0_0.ckpt
2023-04-09 00:17:21,446 DEBUG [casanovo/MainProcess] casanovo.main : peak_path = C:\Users\Gebruiker\Desktop\191114_FoodProteomics_DDA_BASL.mgf
2023-04-09 00:17:21,446 DEBUG [casanovo/MainProcess] casanovo.main : peak_path_val = None
2023-04-09 00:17:21,446 DEBUG [casanovo/MainProcess] casanovo.main : config = default
2023-04-09 00:17:21,446 DEBUG [casanovo/MainProcess] casanovo.main : output = C:\Users\Gebruiker\Desktop\casa_output_BASL_unfiltered
2023-04-09 00:17:21,462 DEBUG [casanovo/MainProcess] casanovo.main : random_seed = 454
2023-04-09 00:17:21,462 DEBUG [casanovo/MainProcess] casanovo.main : n_peaks = 150
2023-04-09 00:17:21,462 DEBUG [casanovo/MainProcess] casanovo.main : min_mz = 50.0
2023-04-09 00:17:21,462 DEBUG [casanovo/MainProcess] casanovo.main : max_mz = 2500.0
2023-04-09 00:17:21,462 DEBUG [casanovo/MainProcess] casanovo.main : min_intensity = 0.01
2023-04-09 00:17:21,465 DEBUG [casanovo/MainProcess] casanovo.main : remove_precursor_tol = 2.0
2023-04-09 00:17:21,465 DEBUG [casanovo/MainProcess] casanovo.main : max_charge = 10
2023-04-09 00:17:21,466 DEBUG [casanovo/MainProcess] casanovo.main : precursor_mass_tol = 50.0
2023-04-09 00:17:21,466 DEBUG [casanovo/MainProcess] casanovo.main : isotope_error_range = (0, 1)
2023-04-09 00:17:21,466 DEBUG [casanovo/MainProcess] casanovo.main : min_peptide_len = 6
2023-04-09 00:17:21,467 DEBUG [casanovo/MainProcess] casanovo.main : dim_model = 512
2023-04-09 00:17:21,467 DEBUG [casanovo/MainProcess] casanovo.main : n_head = 8
2023-04-09 00:17:21,467 DEBUG [casanovo/MainProcess] casanovo.main : dim_feedforward = 1024
2023-04-09 00:17:21,468 DEBUG [casanovo/MainProcess] casanovo.main : n_layers = 9
2023-04-09 00:17:21,468 DEBUG [casanovo/MainProcess] casanovo.main : dropout = 0.0
2023-04-09 00:17:21,468 DEBUG [casanovo/MainProcess] casanovo.main : dim_intensity = None
2023-04-09 00:17:21,468 DEBUG [casanovo/MainProcess] casanovo.main : custom_encoder = None
2023-04-09 00:17:21,468 DEBUG [casanovo/MainProcess] casanovo.main : max_length = 100
2023-04-09 00:17:21,468 DEBUG [casanovo/MainProcess] casanovo.main : residues = {'G': 57.021464, 'A': 71.037114, 'S': 87.032028, 'P': 97.052764, 'V': 99.068414, 'T': 101.04767, 'C+57.021': 160.030649, 'L': 113.084064, 'I': 113.084064, 'N': 114.042927, 'D': 115.026943, 'Q': 128.058578, 'K': 128.094963, 'E': 129.042593, 'M': 131.040485, 'H': 137.058912, 'F': 147.068414, 'R': 156.101111, 'Y': 163.063329, 'W': 186.079313, 'M+15.995': 147.0354, 'N+0.984': 115.026943, 'Q+0.984': 129.042594, '+42.011': 42.010565, '+43.006': 43.005814, '-17.027': -17.026549, '+43.006-17.027': 25.980265}
2023-04-09 00:17:21,468 DEBUG [casanovo/MainProcess] casanovo.main : n_log = 1
2023-04-09 00:17:21,468 DEBUG [casanovo/MainProcess] casanovo.main : tb_summarywriter = None
2023-04-09 00:17:21,468 DEBUG [casanovo/MainProcess] casanovo.main : warmup_iters = 100000
2023-04-09 00:17:21,468 DEBUG [casanovo/MainProcess] casanovo.main : max_iters = 600000
2023-04-09 00:17:21,468 DEBUG [casanovo/MainProcess] casanovo.main : learning_rate = 0.0005
2023-04-09 00:17:21,468 DEBUG [casanovo/MainProcess] casanovo.main : weight_decay = 1e-05
2023-04-09 00:17:21,468 DEBUG [casanovo/MainProcess] casanovo.main : train_batch_size = 32
2023-04-09 00:17:21,468 DEBUG [casanovo/MainProcess] casanovo.main : predict_batch_size = 1024
2023-04-09 00:17:21,468 DEBUG [casanovo/MainProcess] casanovo.main : n_beams = 5
2023-04-09 00:17:21,468 DEBUG [casanovo/MainProcess] casanovo.main : top_match = 1
2023-04-09 00:17:21,468 DEBUG [casanovo/MainProcess] casanovo.main : logger = None
2023-04-09 00:17:21,468 DEBUG [casanovo/MainProcess] casanovo.main : max_epochs = 30
2023-04-09 00:17:21,468 DEBUG [casanovo/MainProcess] casanovo.main : num_sanity_val_steps = 0
2023-04-09 00:17:21,468 DEBUG [casanovo/MainProcess] casanovo.main : train_from_scratch = True
2023-04-09 00:17:21,468 DEBUG [casanovo/MainProcess] casanovo.main : save_model = True
2023-04-09 00:17:21,468 DEBUG [casanovo/MainProcess] casanovo.main : model_save_folder_path = 
2023-04-09 00:17:21,468 DEBUG [casanovo/MainProcess] casanovo.main : save_weights_only = True
2023-04-09 00:17:21,468 DEBUG [casanovo/MainProcess] casanovo.main : every_n_train_steps = 50000
2023-04-09 00:17:21,468 DEBUG [casanovo/MainProcess] casanovo.main : no_gpu = False
2023-04-09 00:17:21,468 DEBUG [casanovo/MainProcess] casanovo.main : n_workers = 0
2023-04-09 00:17:21,468 INFO [casanovo/MainProcess] casanovo.main : Predict peptide sequences with Casanovo.
2023-04-09 00:17:21,568 DEBUG [fsspec.local/MainProcess] local.__init__ : open file: C:/Users/Gebruiker/AppData/Local/casanovo/casanovo_massivekb_v3_0_0.ckpt
2023-04-09 00:17:21,764 ERROR [casanovo/MainProcess] model_runner._execute_existing : Could not find peak files from C:\Users\Gebruiker\Desktop\191114_FoodProteomics_DDA_BASL.mgf
